{"/home/thiago/Documentos/fullstack-afiliados/back-end/src/app.ts": {"path":"/home/thiago/Documentos/fullstack-afiliados/back-end/src/app.ts","statementMap":{"0":{"start":{"line":1,"column":0},"end":{"line":1,"column":40}},"1":{"start":{"line":2,"column":0},"end":{"line":2,"column":30}},"2":{"start":{"line":3,"column":0},"end":{"line":3,"column":40}},"3":{"start":{"line":4,"column":0},"end":{"line":4,"column":57}},"4":{"start":{"line":5,"column":0},"end":{"line":5,"column":24}},"5":{"start":{"line":7,"column":12},"end":{"line":7,"column":21}},"6":{"start":{"line":9,"column":0},"end":{"line":9,"column":16}},"7":{"start":{"line":10,"column":0},"end":{"line":10,"column":16}},"8":{"start":{"line":12,"column":0},"end":{"line":12,"column":16}},"9":{"start":{"line":13,"column":0},"end":{"line":13,"column":22}},"10":{"start":{"line":15,"column":0},"end":{"line":15,"column":19}}},"fnMap":{},"branchMap":{},"s":{"0":1,"1":1,"2":1,"3":1,"4":1,"5":1,"6":1,"7":1,"8":1,"9":1,"10":1},"f":{},"b":{}}
,"/home/thiago/Documentos/fullstack-afiliados/back-end/src/controllers/affiliatesController.ts": {"path":"/home/thiago/Documentos/fullstack-afiliados/back-end/src/controllers/affiliatesController.ts","statementMap":{"0":{"start":{"line":2,"column":0},"end":{"line":2,"column":20}},"1":{"start":{"line":3,"column":0},"end":{"line":3,"column":28}},"2":{"start":{"line":4,"column":0},"end":{"line":4,"column":57}},"3":{"start":{"line":5,"column":0},"end":{"line":5,"column":null}},"4":{"start":{"line":9,"column":20},"end":{"line":9,"column":67}},"5":{"start":{"line":11,"column":2},"end":{"line":25,"column":null}},"6":{"start":{"line":12,"column":21},"end":{"line":12,"column":55}},"7":{"start":{"line":13,"column":21},"end":{"line":13,"column":44}},"8":{"start":{"line":14,"column":18},"end":{"line":14,"column":51}},"9":{"start":{"line":15,"column":4},"end":{"line":15,"column":29}},"10":{"start":{"line":16,"column":4},"end":{"line":20,"column":null}},"11":{"start":{"line":17,"column":6},"end":{"line":17,"column":26}},"12":{"start":{"line":19,"column":6},"end":{"line":19,"column":51}},"13":{"start":{"line":23,"column":4},"end":{"line":23,"column":23}},"14":{"start":{"line":24,"column":4},"end":{"line":24,"column":49}},"15":{"start":{"line":7,"column":0},"end":{"line":7,"column":30}},"16":{"start":{"line":29,"column":25},"end":{"line":29,"column":41}},"17":{"start":{"line":30,"column":18},"end":{"line":30,"column":48}},"18":{"start":{"line":31,"column":23},"end":{"line":31,"column":83}},"19":{"start":{"line":33,"column":2},"end":{"line":33,"column":38}},"20":{"start":{"line":28,"column":0},"end":{"line":28,"column":22}}},"fnMap":{"0":{"name":"sendData","decl":{"start":{"line":7,"column":30},"end":{"line":7,"column":38}},"loc":{"start":{"line":7,"column":65},"end":{"line":26,"column":null}}},"1":{"name":"searchTransactions","decl":{"start":{"line":28,"column":22},"end":{"line":28,"column":40}},"loc":{"start":{"line":28,"column":68},"end":{"line":34,"column":null}}}},"branchMap":{"0":{"loc":{"start":{"line":9,"column":47},"end":{"line":9,"column":65}},"type":"cond-expr","locations":[{"start":{"line":9,"column":55},"end":{"line":9,"column":57}},{"start":{"line":9,"column":55},"end":{"line":9,"column":65}}]},"1":{"loc":{"start":{"line":9,"column":47},"end":{"line":9,"column":57}},"type":"binary-expr","locations":[{"start":{"line":9,"column":47},"end":{"line":9,"column":57}},{"start":{"line":9,"column":55},"end":{"line":9,"column":57}}]},"2":{"loc":{"start":{"line":16,"column":4},"end":{"line":20,"column":null}},"type":"if","locations":[{"start":{"line":16,"column":4},"end":{"line":20,"column":null}},{"start":{"line":18,"column":11},"end":{"line":20,"column":null}}]}},"s":{"0":1,"1":1,"2":1,"3":1,"4":0,"5":0,"6":0,"7":0,"8":0,"9":0,"10":0,"11":0,"12":0,"13":0,"14":0,"15":1,"16":0,"17":0,"18":0,"19":0,"20":1},"f":{"0":0,"1":0},"b":{"0":[0,0],"1":[0,0],"2":[0,0]}}
,"/home/thiago/Documentos/fullstack-afiliados/back-end/src/controllers/authController.ts": {"path":"/home/thiago/Documentos/fullstack-afiliados/back-end/src/controllers/authController.ts","statementMap":{"0":{"start":{"line":2,"column":0},"end":{"line":2,"column":58}},"1":{"start":{"line":5,"column":33},"end":{"line":5,"column":41}},"2":{"start":{"line":7,"column":16},"end":{"line":7,"column":64}},"3":{"start":{"line":8,"column":2},"end":{"line":8,"column":58}},"4":{"start":{"line":8,"column":13},"end":{"line":8,"column":58}},"5":{"start":{"line":10,"column":2},"end":{"line":10,"column":63}},"6":{"start":{"line":4,"column":0},"end":{"line":4,"column":22}},"7":{"start":{"line":14,"column":33},"end":{"line":14,"column":41}},"8":{"start":{"line":16,"column":16},"end":{"line":16,"column":64}},"9":{"start":{"line":17,"column":2},"end":{"line":17,"column":null}},"10":{"start":{"line":17,"column":14},"end":{"line":17,"column":null}},"11":{"start":{"line":19,"column":2},"end":{"line":19,"column":73}},"12":{"start":{"line":13,"column":0},"end":{"line":13,"column":22}}},"fnMap":{"0":{"name":"signUp","decl":{"start":{"line":4,"column":22},"end":{"line":4,"column":28}},"loc":{"start":{"line":4,"column":56},"end":{"line":11,"column":null}}},"1":{"name":"signIn","decl":{"start":{"line":13,"column":22},"end":{"line":13,"column":28}},"loc":{"start":{"line":13,"column":57},"end":{"line":20,"column":null}}}},"branchMap":{"0":{"loc":{"start":{"line":8,"column":2},"end":{"line":8,"column":58}},"type":"if","locations":[{"start":{"line":8,"column":2},"end":{"line":8,"column":58}}]},"1":{"loc":{"start":{"line":17,"column":2},"end":{"line":17,"column":null}},"type":"if","locations":[{"start":{"line":17,"column":2},"end":{"line":17,"column":null}}]}},"s":{"0":1,"1":2,"2":2,"3":2,"4":1,"5":2,"6":1,"7":1,"8":1,"9":1,"10":0,"11":1,"12":1},"f":{"0":2,"1":1},"b":{"0":[1],"1":[0]}}
,"/home/thiago/Documentos/fullstack-afiliados/back-end/src/middlewares/errorHandler.ts": {"path":"/home/thiago/Documentos/fullstack-afiliados/back-end/src/middlewares/errorHandler.ts","statementMap":{"0":{"start":{"line":4,"column":2},"end":{"line":4,"column":null}},"1":{"start":{"line":5,"column":2},"end":{"line":7,"column":null}},"2":{"start":{"line":6,"column":4},"end":{"line":6,"column":74}},"3":{"start":{"line":9,"column":2},"end":{"line":9,"column":22}},"4":{"start":{"line":3,"column":0},"end":{"line":3,"column":24}}},"fnMap":{"0":{"name":"errorHandler","decl":{"start":{"line":3,"column":24},"end":{"line":3,"column":36}},"loc":{"start":{"line":3,"column":77},"end":{"line":10,"column":1}}}},"branchMap":{"0":{"loc":{"start":{"line":5,"column":2},"end":{"line":7,"column":null}},"type":"if","locations":[{"start":{"line":5,"column":2},"end":{"line":7,"column":null}}]}},"s":{"0":0,"1":0,"2":0,"3":0,"4":1},"f":{"0":0},"b":{"0":[0]}}
,"/home/thiago/Documentos/fullstack-afiliados/back-end/src/middlewares/tokenMiddleware.ts": {"path":"/home/thiago/Documentos/fullstack-afiliados/back-end/src/middlewares/tokenMiddleware.ts","statementMap":{"0":{"start":{"line":1,"column":0},"end":{"line":1,"column":28}},"1":{"start":{"line":3,"column":0},"end":{"line":3,"column":31}},"2":{"start":{"line":4,"column":0},"end":{"line":4,"column":57}},"3":{"start":{"line":6,"column":0},"end":{"line":6,"column":32}},"4":{"start":{"line":9,"column":30},"end":{"line":9,"column":41}},"5":{"start":{"line":11,"column":4},"end":{"line":11,"column":74}},"6":{"start":{"line":11,"column":24},"end":{"line":11,"column":74}},"7":{"start":{"line":12,"column":25},"end":{"line":12,"column":56}},"8":{"start":{"line":13,"column":4},"end":{"line":13,"column":67}},"9":{"start":{"line":13,"column":22},"end":{"line":13,"column":67}},"10":{"start":{"line":15,"column":18},"end":{"line":15,"column":54}},"11":{"start":{"line":17,"column":4},"end":{"line":23,"column":6}},"12":{"start":{"line":18,"column":30},"end":{"line":18,"column":76}},"13":{"start":{"line":19,"column":8},"end":{"line":19,"column":null}},"14":{"start":{"line":20,"column":8},"end":{"line":20,"column":15}},"15":{"start":{"line":22,"column":8},"end":{"line":22,"column":53}},"16":{"start":{"line":8,"column":0},"end":{"line":8,"column":22}}},"fnMap":{"0":{"name":"validateToken","decl":{"start":{"line":8,"column":22},"end":{"line":8,"column":35}},"loc":{"start":{"line":8,"column":84},"end":{"line":24,"column":null}}}},"branchMap":{"0":{"loc":{"start":{"line":11,"column":4},"end":{"line":11,"column":74}},"type":"if","locations":[{"start":{"line":11,"column":4},"end":{"line":11,"column":74}}]},"1":{"loc":{"start":{"line":13,"column":4},"end":{"line":13,"column":67}},"type":"if","locations":[{"start":{"line":13,"column":4},"end":{"line":13,"column":67}}]}},"s":{"0":1,"1":1,"2":1,"3":1,"4":0,"5":0,"6":0,"7":0,"8":0,"9":0,"10":0,"11":0,"12":0,"13":0,"14":0,"15":0,"16":1},"f":{"0":0},"b":{"0":[0],"1":[0]}}
,"/home/thiago/Documentos/fullstack-afiliados/back-end/src/middlewares/validateSchema.ts": {"path":"/home/thiago/Documentos/fullstack-afiliados/back-end/src/middlewares/validateSchema.ts","statementMap":{"0":{"start":{"line":3,"column":2},"end":{"line":14,"column":null}},"1":{"start":{"line":4,"column":4},"end":{"line":13,"column":null}},"2":{"start":{"line":5,"column":24},"end":{"line":5,"column":72}},"3":{"start":{"line":7,"column":6},"end":{"line":7,"column":null}},"4":{"start":{"line":7,"column":17},"end":{"line":7,"column":null}},"5":{"start":{"line":7,"column":78},"end":{"line":7,"column":85}},"6":{"start":{"line":8,"column":6},"end":{"line":8,"column":13}},"7":{"start":{"line":11,"column":8},"end":{"line":11,"column":53}},"8":{"start":{"line":12,"column":8},"end":{"line":12,"column":53}},"9":{"start":{"line":1,"column":0},"end":{"line":1,"column":16}}},"fnMap":{"0":{"name":"validateSchema","decl":{"start":{"line":1,"column":16},"end":{"line":1,"column":30}},"loc":{"start":{"line":1,"column":38},"end":{"line":16,"column":1}}},"1":{"name":"(anonymous_8)","decl":{"start":{"line":3,"column":9},"end":{"line":3,"column":24}},"loc":{"start":{"line":3,"column":38},"end":{"line":14,"column":null}}},"2":{"name":"(anonymous_10)","decl":{"start":{"line":7,"column":63},"end":{"line":7,"column":64}},"loc":{"start":{"line":7,"column":78},"end":{"line":7,"column":85}}}},"branchMap":{"0":{"loc":{"start":{"line":7,"column":6},"end":{"line":7,"column":null}},"type":"if","locations":[{"start":{"line":7,"column":6},"end":{"line":7,"column":null}}]}},"s":{"0":2,"1":3,"2":3,"3":3,"4":0,"5":0,"6":3,"7":0,"8":0,"9":1},"f":{"0":2,"1":3,"2":0},"b":{"0":[0]}}
,"/home/thiago/Documentos/fullstack-afiliados/back-end/src/repositories/affiliatesRepositories.ts": {"path":"/home/thiago/Documentos/fullstack-afiliados/back-end/src/repositories/affiliatesRepositories.ts","statementMap":{"0":{"start":{"line":1,"column":0},"end":{"line":1,"column":33}},"1":{"start":{"line":4,"column":25},"end":{"line":4,"column":28}},"2":{"start":{"line":5,"column":15},"end":{"line":5,"column":33}},"3":{"start":{"line":8,"column":2},"end":{"line":10,"column":5}},"4":{"start":{"line":14,"column":2},"end":{"line":17,"column":5}},"5":{"start":{"line":21,"column":2},"end":{"line":26,"column":5}},"6":{"start":{"line":29,"column":31},"end":{"line":33,"column":null}},"7":{"start":{"line":35,"column":0},"end":{"line":35,"column":38}}},"fnMap":{"0":{"name":"createTransactionsData","decl":{"start":{"line":7,"column":15},"end":{"line":7,"column":37}},"loc":{"start":{"line":7,"column":84},"end":{"line":11,"column":null}}},"1":{"name":"findSellers","decl":{"start":{"line":13,"column":15},"end":{"line":13,"column":26}},"loc":{"start":{"line":13,"column":26},"end":{"line":18,"column":null}}},"2":{"name":"findTransactions","decl":{"start":{"line":20,"column":15},"end":{"line":20,"column":31}},"loc":{"start":{"line":20,"column":44},"end":{"line":27,"column":null}}}},"branchMap":{},"s":{"0":2,"1":2,"2":2,"3":0,"4":0,"5":0,"6":2,"7":2},"f":{"0":0,"1":0,"2":0},"b":{}}
,"/home/thiago/Documentos/fullstack-afiliados/back-end/src/repositories/authRepository.ts": {"path":"/home/thiago/Documentos/fullstack-afiliados/back-end/src/repositories/authRepository.ts","statementMap":{"0":{"start":{"line":1,"column":0},"end":{"line":1,"column":33}},"1":{"start":{"line":3,"column":25},"end":{"line":3,"column":28}},"2":{"start":{"line":4,"column":15},"end":{"line":4,"column":33}},"3":{"start":{"line":12,"column":2},"end":{"line":14,"column":5}},"4":{"start":{"line":11,"column":0},"end":{"line":11,"column":22}},"5":{"start":{"line":18,"column":2},"end":{"line":20,"column":5}},"6":{"start":{"line":17,"column":0},"end":{"line":17,"column":22}},"7":{"start":{"line":24,"column":2},"end":{"line":26,"column":5}},"8":{"start":{"line":27,"column":2},"end":{"line":29,"column":5}},"9":{"start":{"line":23,"column":0},"end":{"line":23,"column":22}},"10":{"start":{"line":33,"column":2},"end":{"line":35,"column":5}},"11":{"start":{"line":32,"column":0},"end":{"line":32,"column":22}}},"fnMap":{"0":{"name":"searchUser","decl":{"start":{"line":11,"column":22},"end":{"line":11,"column":32}},"loc":{"start":{"line":11,"column":49},"end":{"line":15,"column":null}}},"1":{"name":"createUser","decl":{"start":{"line":17,"column":22},"end":{"line":17,"column":32}},"loc":{"start":{"line":17,"column":51},"end":{"line":21,"column":null}}},"2":{"name":"insertToken","decl":{"start":{"line":23,"column":22},"end":{"line":23,"column":33}},"loc":{"start":{"line":23,"column":63},"end":{"line":30,"column":null}}},"3":{"name":"findToken","decl":{"start":{"line":32,"column":22},"end":{"line":32,"column":31}},"loc":{"start":{"line":32,"column":45},"end":{"line":36,"column":null}}}},"branchMap":{},"s":{"0":1,"1":1,"2":1,"3":3,"4":1,"5":1,"6":1,"7":1,"8":1,"9":1,"10":0,"11":1},"f":{"0":3,"1":1,"2":1,"3":0},"b":{}}
,"/home/thiago/Documentos/fullstack-afiliados/back-end/src/routes/affiliatesRouter.ts": {"path":"/home/thiago/Documentos/fullstack-afiliados/back-end/src/routes/affiliatesRouter.ts","statementMap":{"0":{"start":{"line":1,"column":0},"end":{"line":1,"column":33}},"1":{"start":{"line":2,"column":0},"end":{"line":2,"column":28}},"2":{"start":{"line":3,"column":0},"end":{"line":3,"column":28}},"3":{"start":{"line":4,"column":0},"end":{"line":4,"column":86}},"4":{"start":{"line":5,"column":0},"end":{"line":5,"column":66}},"5":{"start":{"line":6,"column":0},"end":{"line":6,"column":null}},"6":{"start":{"line":8,"column":14},"end":{"line":8,"column":53}},"7":{"start":{"line":10,"column":25},"end":{"line":10,"column":33}},"8":{"start":{"line":12,"column":0},"end":{"line":12,"column":74}},"9":{"start":{"line":13,"column":0},"end":{"line":13,"column":73}},"10":{"start":{"line":15,"column":0},"end":{"line":15,"column":32}}},"fnMap":{},"branchMap":{},"s":{"0":1,"1":1,"2":1,"3":1,"4":1,"5":1,"6":1,"7":1,"8":1,"9":1,"10":1},"f":{},"b":{}}
,"/home/thiago/Documentos/fullstack-afiliados/back-end/src/routes/authRouter.ts": {"path":"/home/thiago/Documentos/fullstack-afiliados/back-end/src/routes/authRouter.ts","statementMap":{"0":{"start":{"line":1,"column":0},"end":{"line":1,"column":33}},"1":{"start":{"line":2,"column":0},"end":{"line":2,"column":66}},"2":{"start":{"line":3,"column":0},"end":{"line":3,"column":66}},"3":{"start":{"line":4,"column":0},"end":{"line":4,"column":54}},"4":{"start":{"line":6,"column":19},"end":{"line":6,"column":27}},"5":{"start":{"line":8,"column":0},"end":{"line":8,"column":64}},"6":{"start":{"line":9,"column":0},"end":{"line":9,"column":64}},"7":{"start":{"line":11,"column":0},"end":{"line":11,"column":26}}},"fnMap":{},"branchMap":{},"s":{"0":1,"1":1,"2":1,"3":1,"4":1,"5":1,"6":1,"7":1},"f":{},"b":{}}
,"/home/thiago/Documentos/fullstack-afiliados/back-end/src/routes/router.ts": {"path":"/home/thiago/Documentos/fullstack-afiliados/back-end/src/routes/router.ts","statementMap":{"0":{"start":{"line":1,"column":0},"end":{"line":1,"column":33}},"1":{"start":{"line":2,"column":0},"end":{"line":2,"column":53}},"2":{"start":{"line":3,"column":0},"end":{"line":3,"column":41}},"3":{"start":{"line":5,"column":15},"end":{"line":5,"column":23}},"4":{"start":{"line":7,"column":0},"end":{"line":7,"column":23}},"5":{"start":{"line":8,"column":0},"end":{"line":8,"column":29}},"6":{"start":{"line":10,"column":0},"end":{"line":10,"column":22}}},"fnMap":{},"branchMap":{},"s":{"0":1,"1":1,"2":1,"3":1,"4":1,"5":1,"6":1},"f":{},"b":{}}
,"/home/thiago/Documentos/fullstack-afiliados/back-end/src/schemas/authSchema.ts": {"path":"/home/thiago/Documentos/fullstack-afiliados/back-end/src/schemas/authSchema.ts","statementMap":{"0":{"start":{"line":1,"column":0},"end":{"line":1,"column":22}},"1":{"start":{"line":3,"column":13},"end":{"line":6,"column":3}}},"fnMap":{},"branchMap":{},"s":{"0":1,"1":1},"f":{},"b":{}}
,"/home/thiago/Documentos/fullstack-afiliados/back-end/src/schemas/dataSchema.ts": {"path":"/home/thiago/Documentos/fullstack-afiliados/back-end/src/schemas/dataSchema.ts","statementMap":{"0":{"start":{"line":1,"column":0},"end":{"line":1,"column":22}},"1":{"start":{"line":3,"column":13},"end":{"line":9,"column":3}}},"fnMap":{},"branchMap":{},"s":{"0":2,"1":2},"f":{},"b":{}}
,"/home/thiago/Documentos/fullstack-afiliados/back-end/src/services/affiliatesServices.ts": {"path":"/home/thiago/Documentos/fullstack-afiliados/back-end/src/services/affiliatesServices.ts","statementMap":{"0":{"start":{"line":1,"column":0},"end":{"line":1,"column":79}},"1":{"start":{"line":2,"column":0},"end":{"line":2,"column":54}},"2":{"start":{"line":14,"column":2},"end":{"line":14,"column":52}},"3":{"start":{"line":18,"column":1},"end":{"line":18,"column":62}},"4":{"start":{"line":22,"column":2},"end":{"line":27,"column":null}},"5":{"start":{"line":23,"column":17},"end":{"line":23,"column":36}},"6":{"start":{"line":24,"column":4},"end":{"line":24,"column":62}},"7":{"start":{"line":26,"column":4},"end":{"line":26,"column":null}},"8":{"start":{"line":33,"column":43},"end":{"line":33,"column":45}},"9":{"start":{"line":34,"column":2},"end":{"line":46,"column":null}},"10":{"start":{"line":35,"column":4},"end":{"line":45,"column":null}},"11":{"start":{"line":36,"column":18},"end":{"line":42,"column":null}},"12":{"start":{"line":43,"column":6},"end":{"line":43,"column":26}},"13":{"start":{"line":44,"column":6},"end":{"line":44,"column":21}},"14":{"start":{"line":48,"column":2},"end":{"line":48,"column":14}},"15":{"start":{"line":52,"column":11},"end":{"line":52,"column":23}},"16":{"start":{"line":53,"column":2},"end":{"line":53,"column":35}},"17":{"start":{"line":55,"column":20},"end":{"line":55,"column":67}},"18":{"start":{"line":56,"column":2},"end":{"line":56,"column":25}},"19":{"start":{"line":56,"column":13},"end":{"line":56,"column":25}},"20":{"start":{"line":59,"column":18},"end":{"line":63,"column":null}},"21":{"start":{"line":65,"column":0},"end":{"line":65,"column":25}}},"fnMap":{"0":{"name":"searchSellers","decl":{"start":{"line":13,"column":15},"end":{"line":13,"column":28}},"loc":{"start":{"line":13,"column":28},"end":{"line":15,"column":null}}},"1":{"name":"searchTransactions","decl":{"start":{"line":17,"column":15},"end":{"line":17,"column":33}},"loc":{"start":{"line":17,"column":48},"end":{"line":19,"column":null}}},"2":{"name":"saveData","decl":{"start":{"line":21,"column":15},"end":{"line":21,"column":23}},"loc":{"start":{"line":21,"column":42},"end":{"line":28,"column":null}}},"3":{"name":"sanitizer","decl":{"start":{"line":32,"column":9},"end":{"line":32,"column":18}},"loc":{"start":{"line":32,"column":33},"end":{"line":49,"column":1}}},"4":{"name":"(anonymous_15)","decl":{"start":{"line":34,"column":15},"end":{"line":34,"column":16}},"loc":{"start":{"line":34,"column":19},"end":{"line":46,"column":3}}},"5":{"name":"validateSchema","decl":{"start":{"line":51,"column":9},"end":{"line":51,"column":23}},"loc":{"start":{"line":51,"column":56},"end":{"line":57,"column":1}}}},"branchMap":{"0":{"loc":{"start":{"line":35,"column":4},"end":{"line":45,"column":null}},"type":"if","locations":[{"start":{"line":35,"column":4},"end":{"line":45,"column":null}}]},"1":{"loc":{"start":{"line":56,"column":2},"end":{"line":56,"column":25}},"type":"if","locations":[{"start":{"line":56,"column":2},"end":{"line":56,"column":25}}]}},"s":{"0":2,"1":2,"2":0,"3":0,"4":1,"5":1,"6":1,"7":0,"8":1,"9":1,"10":30,"11":30,"12":30,"13":30,"14":1,"15":30,"16":30,"17":30,"18":30,"19":0,"20":2,"21":2},"f":{"0":0,"1":0,"2":1,"3":1,"4":30,"5":30},"b":{"0":[30],"1":[0]}}
,"/home/thiago/Documentos/fullstack-afiliados/back-end/src/services/authServices.ts": {"path":"/home/thiago/Documentos/fullstack-afiliados/back-end/src/services/authServices.ts","statementMap":{"0":{"start":{"line":1,"column":0},"end":{"line":1,"column":28}},"1":{"start":{"line":2,"column":0},"end":{"line":2,"column":31}},"2":{"start":{"line":3,"column":0},"end":{"line":3,"column":68}},"3":{"start":{"line":4,"column":0},"end":{"line":4,"column":28}},"4":{"start":{"line":5,"column":0},"end":{"line":5,"column":16}},"5":{"start":{"line":8,"column":33},"end":{"line":8,"column":41}},"6":{"start":{"line":10,"column":15},"end":{"line":10,"column":56}},"7":{"start":{"line":11,"column":2},"end":{"line":11,"column":56}},"8":{"start":{"line":11,"column":11},"end":{"line":11,"column":56}},"9":{"start":{"line":13,"column":23},"end":{"line":13,"column":51}},"10":{"start":{"line":14,"column":2},"end":{"line":14,"column":null}},"11":{"start":{"line":7,"column":0},"end":{"line":7,"column":22}},"12":{"start":{"line":19,"column":21},"end":{"line":19,"column":71}},"13":{"start":{"line":21,"column":2},"end":{"line":22,"column":17}},"14":{"start":{"line":22,"column":4},"end":{"line":22,"column":17}},"15":{"start":{"line":24,"column":15},"end":{"line":24,"column":36}},"16":{"start":{"line":25,"column":17},"end":{"line":25,"column":36}},"17":{"start":{"line":26,"column":16},"end":{"line":26,"column":67}},"18":{"start":{"line":28,"column":2},"end":{"line":28,"column":57}},"19":{"start":{"line":30,"column":2},"end":{"line":30,"column":15}},"20":{"start":{"line":17,"column":0},"end":{"line":17,"column":22}},"21":{"start":{"line":34,"column":20},"end":{"line":34,"column":57}},"22":{"start":{"line":35,"column":2},"end":{"line":35,"column":45}},"23":{"start":{"line":35,"column":28},"end":{"line":35,"column":45}},"24":{"start":{"line":33,"column":0},"end":{"line":33,"column":22}}},"fnMap":{"0":{"name":"signUp","decl":{"start":{"line":7,"column":22},"end":{"line":7,"column":28}},"loc":{"start":{"line":7,"column":62},"end":{"line":15,"column":null}}},"1":{"name":"signIn","decl":{"start":{"line":17,"column":22},"end":{"line":17,"column":28}},"loc":{"start":{"line":17,"column":62},"end":{"line":31,"column":null}}},"2":{"name":"checkToken","decl":{"start":{"line":33,"column":22},"end":{"line":33,"column":32}},"loc":{"start":{"line":33,"column":46},"end":{"line":36,"column":null}}}},"branchMap":{"0":{"loc":{"start":{"line":11,"column":2},"end":{"line":11,"column":56}},"type":"if","locations":[{"start":{"line":11,"column":2},"end":{"line":11,"column":56}}]},"1":{"loc":{"start":{"line":21,"column":2},"end":{"line":22,"column":17}},"type":"if","locations":[{"start":{"line":21,"column":2},"end":{"line":22,"column":17}}]},"2":{"loc":{"start":{"line":21,"column":6},"end":{"line":21,"column":80}},"type":"binary-expr","locations":[{"start":{"line":21,"column":6},"end":{"line":21,"column":17}},{"start":{"line":21,"column":21},"end":{"line":21,"column":80}}]},"3":{"loc":{"start":{"line":35,"column":2},"end":{"line":35,"column":45}},"type":"if","locations":[{"start":{"line":35,"column":2},"end":{"line":35,"column":45}}]}},"s":{"0":1,"1":1,"2":1,"3":1,"4":1,"5":2,"6":2,"7":2,"8":1,"9":1,"10":1,"11":1,"12":1,"13":1,"14":0,"15":1,"16":1,"17":1,"18":1,"19":1,"20":1,"21":0,"22":0,"23":0,"24":1},"f":{"0":2,"1":1,"2":0},"b":{"0":[1],"1":[0],"2":[1,1],"3":[0]}}
}
