{"/home/thiago/Documentos/fullstack-afiliados/src/app.ts": {"path":"/home/thiago/Documentos/fullstack-afiliados/src/app.ts","statementMap":{"0":{"start":{"line":1,"column":0},"end":{"line":1,"column":40}},"1":{"start":{"line":2,"column":0},"end":{"line":2,"column":30}},"2":{"start":{"line":3,"column":0},"end":{"line":3,"column":40}},"3":{"start":{"line":4,"column":0},"end":{"line":4,"column":57}},"4":{"start":{"line":6,"column":12},"end":{"line":6,"column":21}},"5":{"start":{"line":8,"column":0},"end":{"line":8,"column":16}},"6":{"start":{"line":10,"column":0},"end":{"line":10,"column":16}},"7":{"start":{"line":11,"column":0},"end":{"line":11,"column":22}},"8":{"start":{"line":13,"column":0},"end":{"line":13,"column":19}}},"fnMap":{},"branchMap":{},"s":{"0":1,"1":1,"2":1,"3":1,"4":1,"5":1,"6":1,"7":1,"8":1},"f":{},"b":{}}
,"/home/thiago/Documentos/fullstack-afiliados/src/controllers/affiliatesController.ts": {"path":"/home/thiago/Documentos/fullstack-afiliados/src/controllers/affiliatesController.ts","statementMap":{"0":{"start":{"line":2,"column":0},"end":{"line":2,"column":20}},"1":{"start":{"line":3,"column":0},"end":{"line":3,"column":28}},"2":{"start":{"line":4,"column":0},"end":{"line":4,"column":61}},"3":{"start":{"line":5,"column":0},"end":{"line":5,"column":null}},"4":{"start":{"line":9,"column":20},"end":{"line":9,"column":67}},"5":{"start":{"line":11,"column":2},"end":{"line":24,"column":null}},"6":{"start":{"line":12,"column":21},"end":{"line":12,"column":55}},"7":{"start":{"line":13,"column":21},"end":{"line":13,"column":44}},"8":{"start":{"line":15,"column":4},"end":{"line":15,"column":23}},"9":{"start":{"line":17,"column":4},"end":{"line":17,"column":29}},"10":{"start":{"line":18,"column":4},"end":{"line":18,"column":24}},"11":{"start":{"line":22,"column":4},"end":{"line":22,"column":23}},"12":{"start":{"line":23,"column":4},"end":{"line":23,"column":24}},"13":{"start":{"line":7,"column":0},"end":{"line":7,"column":30}}},"fnMap":{"0":{"name":"sendData","decl":{"start":{"line":7,"column":30},"end":{"line":7,"column":38}},"loc":{"start":{"line":7,"column":65},"end":{"line":25,"column":null}}}},"branchMap":{"0":{"loc":{"start":{"line":9,"column":47},"end":{"line":9,"column":65}},"type":"cond-expr","locations":[{"start":{"line":9,"column":55},"end":{"line":9,"column":57}},{"start":{"line":9,"column":55},"end":{"line":9,"column":65}}]},"1":{"loc":{"start":{"line":9,"column":47},"end":{"line":9,"column":57}},"type":"binary-expr","locations":[{"start":{"line":9,"column":47},"end":{"line":9,"column":57}},{"start":{"line":9,"column":55},"end":{"line":9,"column":57}}]}},"s":{"0":1,"1":1,"2":1,"3":1,"4":0,"5":0,"6":0,"7":0,"8":0,"9":0,"10":0,"11":0,"12":0,"13":1},"f":{"0":0},"b":{"0":[0,0],"1":[0,0]}}
,"/home/thiago/Documentos/fullstack-afiliados/src/controllers/authController.ts": {"path":"/home/thiago/Documentos/fullstack-afiliados/src/controllers/authController.ts","statementMap":{"0":{"start":{"line":2,"column":0},"end":{"line":2,"column":58}},"1":{"start":{"line":5,"column":33},"end":{"line":5,"column":41}},"2":{"start":{"line":7,"column":2},"end":{"line":7,"column":50}},"3":{"start":{"line":9,"column":2},"end":{"line":9,"column":63}},"4":{"start":{"line":4,"column":0},"end":{"line":4,"column":22}},"5":{"start":{"line":13,"column":33},"end":{"line":13,"column":41}},"6":{"start":{"line":15,"column":16},"end":{"line":15,"column":64}},"7":{"start":{"line":17,"column":2},"end":{"line":17,"column":63}},"8":{"start":{"line":12,"column":0},"end":{"line":12,"column":22}}},"fnMap":{"0":{"name":"signUp","decl":{"start":{"line":4,"column":22},"end":{"line":4,"column":28}},"loc":{"start":{"line":4,"column":56},"end":{"line":10,"column":null}}},"1":{"name":"signIn","decl":{"start":{"line":12,"column":22},"end":{"line":12,"column":28}},"loc":{"start":{"line":12,"column":57},"end":{"line":18,"column":null}}}},"branchMap":{},"s":{"0":1,"1":2,"2":2,"3":1,"4":1,"5":1,"6":1,"7":1,"8":1},"f":{"0":2,"1":1},"b":{}}
,"/home/thiago/Documentos/fullstack-afiliados/src/middlewares/errorHandler.ts": {"path":"/home/thiago/Documentos/fullstack-afiliados/src/middlewares/errorHandler.ts","statementMap":{"0":{"start":{"line":4,"column":2},"end":{"line":4,"column":null}},"1":{"start":{"line":5,"column":2},"end":{"line":7,"column":null}},"2":{"start":{"line":6,"column":4},"end":{"line":6,"column":74}},"3":{"start":{"line":9,"column":2},"end":{"line":9,"column":22}},"4":{"start":{"line":3,"column":0},"end":{"line":3,"column":24}}},"fnMap":{"0":{"name":"errorHandler","decl":{"start":{"line":3,"column":24},"end":{"line":3,"column":36}},"loc":{"start":{"line":3,"column":77},"end":{"line":10,"column":1}}}},"branchMap":{"0":{"loc":{"start":{"line":5,"column":2},"end":{"line":7,"column":null}},"type":"if","locations":[{"start":{"line":5,"column":2},"end":{"line":7,"column":null}}]}},"s":{"0":0,"1":0,"2":0,"3":0,"4":1},"f":{"0":0},"b":{"0":[0]}}
,"/home/thiago/Documentos/fullstack-afiliados/src/repositories/affiliatesRepositories.ts": {"path":"/home/thiago/Documentos/fullstack-afiliados/src/repositories/affiliatesRepositories.ts","statementMap":{"0":{"start":{"line":1,"column":0},"end":{"line":1,"column":33}},"1":{"start":{"line":4,"column":25},"end":{"line":4,"column":28}},"2":{"start":{"line":5,"column":15},"end":{"line":5,"column":33}},"3":{"start":{"line":8,"column":2},"end":{"line":10,"column":5}},"4":{"start":{"line":13,"column":31},"end":{"line":15,"column":null}},"5":{"start":{"line":17,"column":0},"end":{"line":17,"column":38}}},"fnMap":{"0":{"name":"createTransactionsData","decl":{"start":{"line":7,"column":15},"end":{"line":7,"column":37}},"loc":{"start":{"line":7,"column":84},"end":{"line":11,"column":null}}}},"branchMap":{},"s":{"0":2,"1":2,"2":2,"3":0,"4":2,"5":2},"f":{"0":0},"b":{}}
,"/home/thiago/Documentos/fullstack-afiliados/src/repositories/authRepository.ts": {"path":"/home/thiago/Documentos/fullstack-afiliados/src/repositories/authRepository.ts","statementMap":{"0":{"start":{"line":1,"column":0},"end":{"line":1,"column":33}},"1":{"start":{"line":3,"column":25},"end":{"line":3,"column":28}},"2":{"start":{"line":4,"column":15},"end":{"line":4,"column":33}},"3":{"start":{"line":12,"column":2},"end":{"line":14,"column":5}},"4":{"start":{"line":11,"column":0},"end":{"line":11,"column":22}},"5":{"start":{"line":18,"column":2},"end":{"line":20,"column":5}},"6":{"start":{"line":17,"column":0},"end":{"line":17,"column":22}},"7":{"start":{"line":24,"column":2},"end":{"line":26,"column":5}},"8":{"start":{"line":27,"column":2},"end":{"line":29,"column":5}},"9":{"start":{"line":23,"column":0},"end":{"line":23,"column":22}}},"fnMap":{"0":{"name":"searchUser","decl":{"start":{"line":11,"column":22},"end":{"line":11,"column":32}},"loc":{"start":{"line":11,"column":49},"end":{"line":15,"column":null}}},"1":{"name":"createUser","decl":{"start":{"line":17,"column":22},"end":{"line":17,"column":32}},"loc":{"start":{"line":17,"column":51},"end":{"line":21,"column":null}}},"2":{"name":"insertToken","decl":{"start":{"line":23,"column":22},"end":{"line":23,"column":33}},"loc":{"start":{"line":23,"column":63},"end":{"line":30,"column":null}}}},"branchMap":{},"s":{"0":1,"1":1,"2":1,"3":3,"4":1,"5":1,"6":1,"7":1,"8":1,"9":1},"f":{"0":3,"1":1,"2":1},"b":{}}
,"/home/thiago/Documentos/fullstack-afiliados/src/routes/affiliatesRouter.ts": {"path":"/home/thiago/Documentos/fullstack-afiliados/src/routes/affiliatesRouter.ts","statementMap":{"0":{"start":{"line":1,"column":0},"end":{"line":1,"column":33}},"1":{"start":{"line":2,"column":0},"end":{"line":2,"column":28}},"2":{"start":{"line":3,"column":0},"end":{"line":3,"column":28}},"3":{"start":{"line":4,"column":0},"end":{"line":4,"column":62}},"4":{"start":{"line":5,"column":0},"end":{"line":5,"column":null}},"5":{"start":{"line":7,"column":14},"end":{"line":7,"column":53}},"6":{"start":{"line":9,"column":25},"end":{"line":9,"column":33}},"7":{"start":{"line":11,"column":0},"end":{"line":11,"column":59}},"8":{"start":{"line":13,"column":0},"end":{"line":13,"column":32}}},"fnMap":{},"branchMap":{},"s":{"0":1,"1":1,"2":1,"3":1,"4":1,"5":1,"6":1,"7":1,"8":1},"f":{},"b":{}}
,"/home/thiago/Documentos/fullstack-afiliados/src/routes/authRouter.ts": {"path":"/home/thiago/Documentos/fullstack-afiliados/src/routes/authRouter.ts","statementMap":{"0":{"start":{"line":1,"column":0},"end":{"line":1,"column":33}},"1":{"start":{"line":2,"column":0},"end":{"line":2,"column":66}},"2":{"start":{"line":4,"column":19},"end":{"line":4,"column":27}},"3":{"start":{"line":6,"column":0},"end":{"line":6,"column":36}},"4":{"start":{"line":7,"column":0},"end":{"line":7,"column":36}},"5":{"start":{"line":9,"column":0},"end":{"line":9,"column":26}}},"fnMap":{},"branchMap":{},"s":{"0":1,"1":1,"2":1,"3":1,"4":1,"5":1},"f":{},"b":{}}
,"/home/thiago/Documentos/fullstack-afiliados/src/routes/router.ts": {"path":"/home/thiago/Documentos/fullstack-afiliados/src/routes/router.ts","statementMap":{"0":{"start":{"line":1,"column":0},"end":{"line":1,"column":33}},"1":{"start":{"line":2,"column":0},"end":{"line":2,"column":53}},"2":{"start":{"line":3,"column":0},"end":{"line":3,"column":41}},"3":{"start":{"line":5,"column":15},"end":{"line":5,"column":23}},"4":{"start":{"line":7,"column":0},"end":{"line":7,"column":23}},"5":{"start":{"line":8,"column":0},"end":{"line":8,"column":29}},"6":{"start":{"line":10,"column":0},"end":{"line":10,"column":22}}},"fnMap":{},"branchMap":{},"s":{"0":1,"1":1,"2":1,"3":1,"4":1,"5":1,"6":1},"f":{},"b":{}}
,"/home/thiago/Documentos/fullstack-afiliados/src/schemas/dataSchema.ts": {"path":"/home/thiago/Documentos/fullstack-afiliados/src/schemas/dataSchema.ts","statementMap":{"0":{"start":{"line":1,"column":0},"end":{"line":1,"column":22}},"1":{"start":{"line":3,"column":13},"end":{"line":9,"column":3}}},"fnMap":{},"branchMap":{},"s":{"0":2,"1":2},"f":{},"b":{}}
,"/home/thiago/Documentos/fullstack-afiliados/src/services/affiliatesServices.ts": {"path":"/home/thiago/Documentos/fullstack-afiliados/src/services/affiliatesServices.ts","statementMap":{"0":{"start":{"line":1,"column":0},"end":{"line":1,"column":79}},"1":{"start":{"line":2,"column":0},"end":{"line":2,"column":54}},"2":{"start":{"line":14,"column":15},"end":{"line":14,"column":34}},"3":{"start":{"line":16,"column":2},"end":{"line":16,"column":null}},"4":{"start":{"line":18,"column":2},"end":{"line":18,"column":20}},"5":{"start":{"line":13,"column":0},"end":{"line":13,"column":22}},"6":{"start":{"line":24,"column":43},"end":{"line":24,"column":45}},"7":{"start":{"line":25,"column":2},"end":{"line":37,"column":null}},"8":{"start":{"line":26,"column":4},"end":{"line":36,"column":null}},"9":{"start":{"line":27,"column":18},"end":{"line":33,"column":null}},"10":{"start":{"line":34,"column":6},"end":{"line":34,"column":26}},"11":{"start":{"line":35,"column":6},"end":{"line":35,"column":21}},"12":{"start":{"line":39,"column":2},"end":{"line":39,"column":14}},"13":{"start":{"line":43,"column":11},"end":{"line":43,"column":23}},"14":{"start":{"line":44,"column":2},"end":{"line":44,"column":35}},"15":{"start":{"line":46,"column":20},"end":{"line":46,"column":67}},"16":{"start":{"line":47,"column":2},"end":{"line":47,"column":25}},"17":{"start":{"line":47,"column":13},"end":{"line":47,"column":25}}},"fnMap":{"0":{"name":"saveData","decl":{"start":{"line":13,"column":22},"end":{"line":13,"column":30}},"loc":{"start":{"line":13,"column":49},"end":{"line":19,"column":null}}},"1":{"name":"sanitizer","decl":{"start":{"line":23,"column":9},"end":{"line":23,"column":18}},"loc":{"start":{"line":23,"column":33},"end":{"line":40,"column":1}}},"2":{"name":"(anonymous_11)","decl":{"start":{"line":25,"column":15},"end":{"line":25,"column":16}},"loc":{"start":{"line":25,"column":19},"end":{"line":37,"column":3}}},"3":{"name":"validateSchema","decl":{"start":{"line":42,"column":9},"end":{"line":42,"column":23}},"loc":{"start":{"line":42,"column":56},"end":{"line":48,"column":1}}}},"branchMap":{"0":{"loc":{"start":{"line":26,"column":4},"end":{"line":36,"column":null}},"type":"if","locations":[{"start":{"line":26,"column":4},"end":{"line":36,"column":null}}]},"1":{"loc":{"start":{"line":47,"column":2},"end":{"line":47,"column":25}},"type":"if","locations":[{"start":{"line":47,"column":2},"end":{"line":47,"column":25}}]}},"s":{"0":2,"1":2,"2":1,"3":1,"4":1,"5":2,"6":1,"7":1,"8":16,"9":16,"10":16,"11":16,"12":1,"13":16,"14":16,"15":16,"16":16,"17":0},"f":{"0":1,"1":1,"2":16,"3":16},"b":{"0":[16],"1":[0]}}
,"/home/thiago/Documentos/fullstack-afiliados/src/services/authServices.ts": {"path":"/home/thiago/Documentos/fullstack-afiliados/src/services/authServices.ts","statementMap":{"0":{"start":{"line":1,"column":0},"end":{"line":1,"column":28}},"1":{"start":{"line":2,"column":0},"end":{"line":2,"column":31}},"2":{"start":{"line":3,"column":0},"end":{"line":3,"column":68}},"3":{"start":{"line":4,"column":0},"end":{"line":4,"column":28}},"4":{"start":{"line":5,"column":0},"end":{"line":5,"column":16}},"5":{"start":{"line":8,"column":33},"end":{"line":8,"column":41}},"6":{"start":{"line":10,"column":15},"end":{"line":10,"column":56}},"7":{"start":{"line":11,"column":2},"end":{"line":11,"column":55}},"8":{"start":{"line":11,"column":11},"end":{"line":11,"column":55}},"9":{"start":{"line":13,"column":23},"end":{"line":13,"column":51}},"10":{"start":{"line":14,"column":2},"end":{"line":14,"column":null}},"11":{"start":{"line":7,"column":0},"end":{"line":7,"column":22}},"12":{"start":{"line":19,"column":21},"end":{"line":19,"column":71}},"13":{"start":{"line":21,"column":2},"end":{"line":22,"column":49}},"14":{"start":{"line":22,"column":4},"end":{"line":22,"column":49}},"15":{"start":{"line":24,"column":15},"end":{"line":24,"column":36}},"16":{"start":{"line":25,"column":17},"end":{"line":25,"column":36}},"17":{"start":{"line":26,"column":16},"end":{"line":26,"column":67}},"18":{"start":{"line":28,"column":2},"end":{"line":28,"column":57}},"19":{"start":{"line":30,"column":2},"end":{"line":30,"column":15}},"20":{"start":{"line":17,"column":0},"end":{"line":17,"column":22}}},"fnMap":{"0":{"name":"signUp","decl":{"start":{"line":7,"column":22},"end":{"line":7,"column":28}},"loc":{"start":{"line":7,"column":62},"end":{"line":15,"column":null}}},"1":{"name":"signIn","decl":{"start":{"line":17,"column":22},"end":{"line":17,"column":28}},"loc":{"start":{"line":17,"column":62},"end":{"line":31,"column":null}}}},"branchMap":{"0":{"loc":{"start":{"line":11,"column":2},"end":{"line":11,"column":55}},"type":"if","locations":[{"start":{"line":11,"column":2},"end":{"line":11,"column":55}}]},"1":{"loc":{"start":{"line":21,"column":2},"end":{"line":22,"column":49}},"type":"if","locations":[{"start":{"line":21,"column":2},"end":{"line":22,"column":49}}]},"2":{"loc":{"start":{"line":21,"column":5},"end":{"line":21,"column":79}},"type":"binary-expr","locations":[{"start":{"line":21,"column":5},"end":{"line":21,"column":16}},{"start":{"line":21,"column":20},"end":{"line":21,"column":79}}]}},"s":{"0":1,"1":1,"2":1,"3":1,"4":1,"5":2,"6":2,"7":2,"8":1,"9":1,"10":1,"11":1,"12":1,"13":1,"14":0,"15":1,"16":1,"17":1,"18":1,"19":1,"20":1},"f":{"0":2,"1":1},"b":{"0":[1],"1":[0],"2":[1,1]}}
}
