TN:
SF:src/app.ts
FNF:0
FNH:0
DA:1,1
DA:2,1
DA:3,1
DA:4,1
DA:5,1
DA:7,1
DA:9,1
DA:10,1
DA:12,1
DA:13,1
DA:15,1
LF:11
LH:11
BRF:0
BRH:0
end_of_record
TN:
SF:src/controllers/affiliatesController.ts
FN:7,sendData
FN:28,searchTransactions
FNF:2
FNH:0
FNDA:0,sendData
FNDA:0,searchTransactions
DA:2,1
DA:3,1
DA:4,1
DA:5,1
DA:7,1
DA:9,0
DA:11,0
DA:12,0
DA:13,0
DA:14,0
DA:15,0
DA:16,0
DA:17,0
DA:19,0
DA:23,0
DA:24,0
DA:28,1
DA:29,0
DA:30,0
DA:31,0
DA:33,0
LF:21
LH:6
BRDA:9,0,0,0
BRDA:9,0,1,0
BRDA:9,1,0,0
BRDA:9,1,1,0
BRDA:16,2,0,0
BRDA:16,2,1,0
BRF:6
BRH:0
end_of_record
TN:
SF:src/controllers/authController.ts
FN:4,signUp
FN:13,signIn
FNF:2
FNH:2
FNDA:2,signUp
FNDA:1,signIn
DA:2,1
DA:4,1
DA:5,2
DA:7,2
DA:8,2
DA:10,2
DA:13,1
DA:14,1
DA:16,1
DA:17,1
DA:19,1
LF:11
LH:11
BRDA:8,0,0,1
BRDA:17,1,0,0
BRF:2
BRH:1
end_of_record
TN:
SF:src/middlewares/errorHandler.ts
FN:3,errorHandler
FNF:1
FNH:0
FNDA:0,errorHandler
DA:3,1
DA:4,0
DA:5,0
DA:6,0
DA:9,0
LF:5
LH:1
BRDA:5,0,0,0
BRF:1
BRH:0
end_of_record
TN:
SF:src/middlewares/tokenMiddleware.ts
FN:8,validateToken
FNF:1
FNH:0
FNDA:0,validateToken
DA:1,1
DA:3,1
DA:4,1
DA:6,1
DA:8,1
DA:9,0
DA:11,0
DA:12,0
DA:13,0
DA:15,0
DA:17,0
DA:18,0
DA:19,0
DA:20,0
DA:22,0
LF:15
LH:5
BRDA:11,0,0,0
BRDA:13,1,0,0
BRF:2
BRH:0
end_of_record
TN:
SF:src/middlewares/validateSchema.ts
FN:1,validateSchema
FN:3,(anonymous_8)
FN:7,(anonymous_10)
FNF:3
FNH:2
FNDA:2,validateSchema
FNDA:3,(anonymous_8)
FNDA:0,(anonymous_10)
DA:1,1
DA:3,2
DA:4,3
DA:5,3
DA:7,3
DA:8,3
DA:11,0
DA:12,0
LF:8
LH:6
BRDA:7,0,0,0
BRF:1
BRH:0
end_of_record
TN:
SF:src/repositories/affiliatesRepositories.ts
FN:7,createTransactionsData
FN:13,findSellers
FN:20,findTransactions
FNF:3
FNH:0
FNDA:0,createTransactionsData
FNDA:0,findSellers
FNDA:0,findTransactions
DA:1,2
DA:4,2
DA:5,2
DA:8,0
DA:14,0
DA:21,0
DA:29,2
DA:35,2
LF:8
LH:5
BRF:0
BRH:0
end_of_record
TN:
SF:src/repositories/authRepository.ts
FN:11,searchUser
FN:17,createUser
FN:23,insertToken
FN:32,findToken
FNF:4
FNH:3
FNDA:3,searchUser
FNDA:1,createUser
FNDA:1,insertToken
FNDA:0,findToken
DA:1,1
DA:3,1
DA:4,1
DA:11,1
DA:12,3
DA:17,1
DA:18,1
DA:23,1
DA:24,1
DA:27,1
DA:32,1
DA:33,0
LF:12
LH:11
BRF:0
BRH:0
end_of_record
TN:
SF:src/routes/affiliatesRouter.ts
FNF:0
FNH:0
DA:1,1
DA:2,1
DA:3,1
DA:4,1
DA:5,1
DA:6,1
DA:8,1
DA:10,1
DA:12,1
DA:13,1
DA:15,1
LF:11
LH:11
BRF:0
BRH:0
end_of_record
TN:
SF:src/routes/authRouter.ts
FNF:0
FNH:0
DA:1,1
DA:2,1
DA:3,1
DA:4,1
DA:6,1
DA:8,1
DA:9,1
DA:11,1
LF:8
LH:8
BRF:0
BRH:0
end_of_record
TN:
SF:src/routes/router.ts
FNF:0
FNH:0
DA:1,1
DA:2,1
DA:3,1
DA:5,1
DA:7,1
DA:8,1
DA:10,1
LF:7
LH:7
BRF:0
BRH:0
end_of_record
TN:
SF:src/schemas/authSchema.ts
FNF:0
FNH:0
DA:1,1
DA:3,1
LF:2
LH:2
BRF:0
BRH:0
end_of_record
TN:
SF:src/schemas/dataSchema.ts
FNF:0
FNH:0
DA:1,2
DA:3,2
LF:2
LH:2
BRF:0
BRH:0
end_of_record
TN:
SF:src/services/affiliatesServices.ts
FN:13,searchSellers
FN:17,searchTransactions
FN:21,saveData
FN:32,sanitizer
FN:34,(anonymous_15)
FN:51,validateSchema
FNF:6
FNH:4
FNDA:0,searchSellers
FNDA:0,searchTransactions
FNDA:1,saveData
FNDA:1,sanitizer
FNDA:30,(anonymous_15)
FNDA:30,validateSchema
DA:1,2
DA:2,2
DA:14,0
DA:18,0
DA:22,1
DA:23,1
DA:24,1
DA:26,0
DA:33,1
DA:34,1
DA:35,30
DA:36,30
DA:43,30
DA:44,30
DA:48,1
DA:52,30
DA:53,30
DA:55,30
DA:56,30
DA:59,2
DA:65,2
LF:21
LH:18
BRDA:35,0,0,30
BRDA:56,1,0,0
BRF:2
BRH:1
end_of_record
TN:
SF:src/services/authServices.ts
FN:7,signUp
FN:17,signIn
FN:33,checkToken
FNF:3
FNH:2
FNDA:2,signUp
FNDA:1,signIn
FNDA:0,checkToken
DA:1,1
DA:2,1
DA:3,1
DA:4,1
DA:5,1
DA:7,1
DA:8,2
DA:10,2
DA:11,2
DA:13,1
DA:14,1
DA:17,1
DA:19,1
DA:21,1
DA:22,0
DA:24,1
DA:25,1
DA:26,1
DA:28,1
DA:30,1
DA:33,1
DA:34,0
DA:35,0
LF:23
LH:20
BRDA:11,0,0,1
BRDA:21,1,0,0
BRDA:21,2,0,1
BRDA:21,2,1,1
BRDA:35,3,0,0
BRF:5
BRH:3
end_of_record
