{"/home/thiago/Documentos/fullstack-afiliados/src/repositories/affiliatesRepositories.ts": {"path":"/home/thiago/Documentos/fullstack-afiliados/src/repositories/affiliatesRepositories.ts","statementMap":{"0":{"start":{"line":1,"column":0},"end":{"line":1,"column":33}},"1":{"start":{"line":4,"column":25},"end":{"line":4,"column":28}},"2":{"start":{"line":5,"column":15},"end":{"line":5,"column":33}},"3":{"start":{"line":8,"column":2},"end":{"line":10,"column":5}},"4":{"start":{"line":13,"column":31},"end":{"line":15,"column":null}},"5":{"start":{"line":17,"column":0},"end":{"line":17,"column":38}}},"fnMap":{"0":{"name":"createTransactionsData","decl":{"start":{"line":7,"column":15},"end":{"line":7,"column":37}},"loc":{"start":{"line":7,"column":84},"end":{"line":11,"column":null}}}},"branchMap":{},"s":{"0":1,"1":1,"2":1,"3":0,"4":1,"5":1},"f":{"0":0},"b":{}}
,"/home/thiago/Documentos/fullstack-afiliados/src/schemas/dataSchema.ts": {"path":"/home/thiago/Documentos/fullstack-afiliados/src/schemas/dataSchema.ts","statementMap":{"0":{"start":{"line":1,"column":0},"end":{"line":1,"column":22}},"1":{"start":{"line":3,"column":13},"end":{"line":9,"column":3}}},"fnMap":{},"branchMap":{},"s":{"0":1,"1":1},"f":{},"b":{}}
,"/home/thiago/Documentos/fullstack-afiliados/src/services/affiliatesServices.ts": {"path":"/home/thiago/Documentos/fullstack-afiliados/src/services/affiliatesServices.ts","statementMap":{"0":{"start":{"line":1,"column":0},"end":{"line":1,"column":79}},"1":{"start":{"line":2,"column":0},"end":{"line":2,"column":54}},"2":{"start":{"line":14,"column":15},"end":{"line":14,"column":34}},"3":{"start":{"line":16,"column":2},"end":{"line":16,"column":null}},"4":{"start":{"line":18,"column":2},"end":{"line":18,"column":20}},"5":{"start":{"line":13,"column":0},"end":{"line":13,"column":22}},"6":{"start":{"line":24,"column":43},"end":{"line":24,"column":45}},"7":{"start":{"line":25,"column":2},"end":{"line":37,"column":null}},"8":{"start":{"line":26,"column":4},"end":{"line":36,"column":null}},"9":{"start":{"line":27,"column":18},"end":{"line":33,"column":null}},"10":{"start":{"line":34,"column":6},"end":{"line":34,"column":26}},"11":{"start":{"line":35,"column":6},"end":{"line":35,"column":21}},"12":{"start":{"line":39,"column":2},"end":{"line":39,"column":14}},"13":{"start":{"line":43,"column":11},"end":{"line":43,"column":23}},"14":{"start":{"line":44,"column":2},"end":{"line":44,"column":35}},"15":{"start":{"line":46,"column":20},"end":{"line":46,"column":67}},"16":{"start":{"line":47,"column":2},"end":{"line":47,"column":25}},"17":{"start":{"line":47,"column":13},"end":{"line":47,"column":25}}},"fnMap":{"0":{"name":"saveData","decl":{"start":{"line":13,"column":22},"end":{"line":13,"column":30}},"loc":{"start":{"line":13,"column":49},"end":{"line":19,"column":null}}},"1":{"name":"sanitizer","decl":{"start":{"line":23,"column":9},"end":{"line":23,"column":18}},"loc":{"start":{"line":23,"column":33},"end":{"line":40,"column":1}}},"2":{"name":"(anonymous_11)","decl":{"start":{"line":25,"column":15},"end":{"line":25,"column":16}},"loc":{"start":{"line":25,"column":19},"end":{"line":37,"column":3}}},"3":{"name":"validateSchema","decl":{"start":{"line":42,"column":9},"end":{"line":42,"column":23}},"loc":{"start":{"line":42,"column":56},"end":{"line":48,"column":1}}}},"branchMap":{"0":{"loc":{"start":{"line":26,"column":4},"end":{"line":36,"column":null}},"type":"if","locations":[{"start":{"line":26,"column":4},"end":{"line":36,"column":null}}]},"1":{"loc":{"start":{"line":47,"column":2},"end":{"line":47,"column":25}},"type":"if","locations":[{"start":{"line":47,"column":2},"end":{"line":47,"column":25}}]}},"s":{"0":1,"1":1,"2":1,"3":1,"4":1,"5":1,"6":1,"7":1,"8":22,"9":22,"10":22,"11":22,"12":1,"13":22,"14":22,"15":22,"16":22,"17":0},"f":{"0":1,"1":1,"2":22,"3":22},"b":{"0":[22],"1":[0]}}
}
