TN:
SF:src/app.ts
FNF:0
FNH:0
DA:1,1
DA:2,1
DA:3,1
DA:4,1
DA:6,1
DA:8,1
DA:10,1
DA:11,1
DA:13,1
LF:9
LH:9
BRF:0
BRH:0
end_of_record
TN:
SF:src/controllers/affiliatesController.ts
FN:7,sendData
FNF:1
FNH:0
FNDA:0,sendData
DA:2,1
DA:3,1
DA:4,1
DA:5,1
DA:7,1
DA:9,0
DA:11,0
DA:12,0
DA:13,0
DA:15,0
DA:17,0
DA:18,0
DA:22,0
DA:23,0
LF:14
LH:5
BRDA:9,0,0,0
BRDA:9,0,1,0
BRDA:9,1,0,0
BRDA:9,1,1,0
BRF:4
BRH:0
end_of_record
TN:
SF:src/controllers/authController.ts
FN:4,signUp
FN:12,signIn
FNF:2
FNH:2
FNDA:2,signUp
FNDA:1,signIn
DA:2,1
DA:4,1
DA:5,2
DA:7,2
DA:9,1
DA:12,1
DA:13,1
DA:15,1
DA:17,1
LF:9
LH:9
BRF:0
BRH:0
end_of_record
TN:
SF:src/middlewares/errorHandler.ts
FN:3,errorHandler
FNF:1
FNH:0
FNDA:0,errorHandler
DA:3,1
DA:4,0
DA:5,0
DA:6,0
DA:9,0
LF:5
LH:1
BRDA:5,0,0,0
BRF:1
BRH:0
end_of_record
TN:
SF:src/repositories/affiliatesRepositories.ts
FN:7,createTransactionsData
FNF:1
FNH:0
FNDA:0,createTransactionsData
DA:1,2
DA:4,2
DA:5,2
DA:8,0
DA:13,2
DA:17,2
LF:6
LH:5
BRF:0
BRH:0
end_of_record
TN:
SF:src/repositories/authRepository.ts
FN:11,searchUser
FN:17,createUser
FN:23,insertToken
FNF:3
FNH:3
FNDA:3,searchUser
FNDA:1,createUser
FNDA:1,insertToken
DA:1,1
DA:3,1
DA:4,1
DA:11,1
DA:12,3
DA:17,1
DA:18,1
DA:23,1
DA:24,1
DA:27,1
LF:10
LH:10
BRF:0
BRH:0
end_of_record
TN:
SF:src/routes/affiliatesRouter.ts
FNF:0
FNH:0
DA:1,1
DA:2,1
DA:3,1
DA:4,1
DA:5,1
DA:7,1
DA:9,1
DA:11,1
DA:13,1
LF:9
LH:9
BRF:0
BRH:0
end_of_record
TN:
SF:src/routes/authRouter.ts
FNF:0
FNH:0
DA:1,1
DA:2,1
DA:4,1
DA:6,1
DA:7,1
DA:9,1
LF:6
LH:6
BRF:0
BRH:0
end_of_record
TN:
SF:src/routes/router.ts
FNF:0
FNH:0
DA:1,1
DA:2,1
DA:3,1
DA:5,1
DA:7,1
DA:8,1
DA:10,1
LF:7
LH:7
BRF:0
BRH:0
end_of_record
TN:
SF:src/schemas/dataSchema.ts
FNF:0
FNH:0
DA:1,2
DA:3,2
LF:2
LH:2
BRF:0
BRH:0
end_of_record
TN:
SF:src/services/affiliatesServices.ts
FN:13,saveData
FN:23,sanitizer
FN:25,(anonymous_11)
FN:42,validateSchema
FNF:4
FNH:4
FNDA:1,saveData
FNDA:1,sanitizer
FNDA:16,(anonymous_11)
FNDA:16,validateSchema
DA:1,2
DA:2,2
DA:13,2
DA:14,1
DA:16,1
DA:18,1
DA:24,1
DA:25,1
DA:26,16
DA:27,16
DA:34,16
DA:35,16
DA:39,1
DA:43,16
DA:44,16
DA:46,16
DA:47,16
LF:17
LH:17
BRDA:26,0,0,16
BRDA:47,1,0,0
BRF:2
BRH:1
end_of_record
TN:
SF:src/services/authServices.ts
FN:7,signUp
FN:17,signIn
FNF:2
FNH:2
FNDA:2,signUp
FNDA:1,signIn
DA:1,1
DA:2,1
DA:3,1
DA:4,1
DA:5,1
DA:7,1
DA:8,2
DA:10,2
DA:11,2
DA:13,1
DA:14,1
DA:17,1
DA:19,1
DA:21,1
DA:22,0
DA:24,1
DA:25,1
DA:26,1
DA:28,1
DA:30,1
LF:20
LH:19
BRDA:11,0,0,1
BRDA:21,1,0,0
BRDA:21,2,0,1
BRDA:21,2,1,1
BRF:4
BRH:3
end_of_record
