TN:
SF:src/repositories/affiliatesRepositories.ts
FN:7,createTransactionsData
FNF:1
FNH:0
FNDA:0,createTransactionsData
DA:1,1
DA:4,1
DA:5,1
DA:8,0
DA:13,1
DA:17,1
LF:6
LH:5
BRF:0
BRH:0
end_of_record
TN:
SF:src/schemas/dataSchema.ts
FNF:0
FNH:0
DA:1,1
DA:3,1
LF:2
LH:2
BRF:0
BRH:0
end_of_record
TN:
SF:src/services/affiliatesServices.ts
FN:13,saveData
FN:23,sanitizer
FN:25,(anonymous_11)
FN:42,validateSchema
FNF:4
FNH:4
FNDA:1,saveData
FNDA:1,sanitizer
FNDA:22,(anonymous_11)
FNDA:22,validateSchema
DA:1,1
DA:2,1
DA:13,1
DA:14,1
DA:16,1
DA:18,1
DA:24,1
DA:25,1
DA:26,22
DA:27,22
DA:34,22
DA:35,22
DA:39,1
DA:43,22
DA:44,22
DA:46,22
DA:47,22
LF:17
LH:17
BRDA:26,0,0,22
BRDA:47,1,0,0
BRF:2
BRH:1
end_of_record
